0 info it worked if it ends with ok
1 verbose cli [ '/usr/local/bin/node', '/usr/local/bin/npm', 'run', 'temp' ]
2 info using npm@3.10.8
3 info using node@v7.0.0
4 verbose run-script [ 'pretemp', 'temp', 'posttemp' ]
5 info lifecycle HavasDataWall@1.0.0~pretemp: HavasDataWall@1.0.0
6 silly lifecycle HavasDataWall@1.0.0~pretemp: no script for pretemp, continuing
7 info lifecycle HavasDataWall@1.0.0~temp: HavasDataWall@1.0.0
8 verbose lifecycle HavasDataWall@1.0.0~temp: unsafe-perm in lifecycle true
9 verbose lifecycle HavasDataWall@1.0.0~temp: PATH: /usr/local/lib/node_modules/npm/bin/node-gyp-bin:/Users/john.stleger/Web/HavasDataWall/node_modules/.bin:/Library/Frameworks/Python.framework/Versions/3.5/bin:/Library/Frameworks/Python.framework/Versions/2.7/bin:/usr/local/bin:/usr/bin:/bin:/usr/sbin:/sbin:/usr/local/bin:/usr/local/git/bin
10 verbose lifecycle HavasDataWall@1.0.0~temp: CWD: /Users/john.stleger/Web/HavasDataWall
11 silly lifecycle HavasDataWall@1.0.0~temp: Args: [ '-c', 'node src/app.js --harmony_destructuring' ]
12 silly lifecycle HavasDataWall@1.0.0~temp: Returned: code: 1  signal: null
13 info lifecycle HavasDataWall@1.0.0~temp: Failed to exec temp script
14 verbose stack Error: HavasDataWall@1.0.0 temp: `node src/app.js --harmony_destructuring`
14 verbose stack Exit status 1
14 verbose stack     at EventEmitter.<anonymous> (/usr/local/lib/node_modules/npm/lib/utils/lifecycle.js:255:16)
14 verbose stack     at emitTwo (events.js:106:13)
14 verbose stack     at EventEmitter.emit (events.js:191:7)
14 verbose stack     at ChildProcess.<anonymous> (/usr/local/lib/node_modules/npm/lib/utils/spawn.js:40:14)
14 verbose stack     at emitTwo (events.js:106:13)
14 verbose stack     at ChildProcess.emit (events.js:191:7)
14 verbose stack     at maybeClose (internal/child_process.js:877:16)
14 verbose stack     at Process.ChildProcess._handle.onexit (internal/child_process.js:226:5)
15 verbose pkgid HavasDataWall@1.0.0
16 verbose cwd /Users/john.stleger/Web/HavasDataWall
17 error Darwin 15.4.0
18 error argv "/usr/local/bin/node" "/usr/local/bin/npm" "run" "temp"
19 error node v7.0.0
20 error npm  v3.10.8
21 error code ELIFECYCLE
22 error HavasDataWall@1.0.0 temp: `node src/app.js --harmony_destructuring`
22 error Exit status 1
23 error Failed at the HavasDataWall@1.0.0 temp script 'node src/app.js --harmony_destructuring'.
23 error Make sure you have the latest version of node.js and npm installed.
23 error If you do, this is most likely a problem with the HavasDataWall package,
23 error not with npm itself.
23 error Tell the author that this fails on your system:
23 error     node src/app.js --harmony_destructuring
23 error You can get information on how to open an issue for this project with:
23 error     npm bugs HavasDataWall
23 error Or if that isn't available, you can get their info via:
23 error     npm owner ls HavasDataWall
23 error There is likely additional logging output above.
24 verbose exit [ 1, true ]
